0 info it worked if it ends with ok
1 verbose cli [ '/usr/local/bin/node',
1 verbose cli   '/usr/local/bin/npm',
1 verbose cli   'install',
1 verbose cli   '--save-dev',
1 verbose cli   'perfect-scrollbar' ]
2 info using npm@3.8.2
3 info using node@v5.9.0
4 silly loadCurrentTree Starting
5 silly install loadCurrentTree
6 silly install readLocalPackageData
7 silly fetchPackageMetaData perfect-scrollbar
8 silly fetchNamedPackageData perfect-scrollbar
9 silly mapToRegistry name perfect-scrollbar
10 silly mapToRegistry using default registry
11 silly mapToRegistry registry http://hcp.sysu.edu.cn/npm
12 silly mapToRegistry uri http://hcp.sysu.edu.cn/npm/perfect-scrollbar
13 verbose request uri http://hcp.sysu.edu.cn/npm/perfect-scrollbar
14 verbose request no auth needed
15 info attempt registry request try #1 at 12:24:03
16 verbose request using bearer token for auth
17 verbose request id 562b4f0c1e6bbf11
18 http request GET http://hcp.sysu.edu.cn/npm/perfect-scrollbar
19 http 404 http://hcp.sysu.edu.cn/npm/perfect-scrollbar
20 verbose headers { server: 'nginx/1.9.12',
20 verbose headers   date: 'Wed, 13 Jul 2016 04:22:59 GMT',
20 verbose headers   'content-type': 'application/json; charset=utf-8',
20 verbose headers   'content-length': '43',
20 verbose headers   connection: 'keep-alive',
20 verbose headers   'x-powered-by': 'Sinopia/1.4.0',
20 verbose headers   etag: 'W/"2b-d418f262"',
20 verbose headers   vary: 'Accept-Encoding',
20 verbose headers   'x-status-cat': 'http://flic.kr/p/aV6juR' }
21 silly get cb [ 404,
21 silly get   { server: 'nginx/1.9.12',
21 silly get     date: 'Wed, 13 Jul 2016 04:22:59 GMT',
21 silly get     'content-type': 'application/json; charset=utf-8',
21 silly get     'content-length': '43',
21 silly get     connection: 'keep-alive',
21 silly get     'x-powered-by': 'Sinopia/1.4.0',
21 silly get     etag: 'W/"2b-d418f262"',
21 silly get     vary: 'Accept-Encoding',
21 silly get     'x-status-cat': 'http://flic.kr/p/aV6juR' } ]
22 silly fetchPackageMetaData Error: no such package available : npm
22 silly fetchPackageMetaData     at makeError (/usr/local/lib/node_modules/npm/node_modules/npm-registry-client/lib/request.js:264:12)
22 silly fetchPackageMetaData     at CachingRegistryClient.<anonymous> (/usr/local/lib/node_modules/npm/node_modules/npm-registry-client/lib/request.js:252:14)
22 silly fetchPackageMetaData     at Request._callback (/usr/local/lib/node_modules/npm/node_modules/npm-registry-client/lib/request.js:172:14)
22 silly fetchPackageMetaData     at Request.self.callback (/usr/local/lib/node_modules/npm/node_modules/request/request.js:199:22)
22 silly fetchPackageMetaData     at emitTwo (events.js:100:13)
22 silly fetchPackageMetaData     at Request.emit (events.js:185:7)
22 silly fetchPackageMetaData     at Request.<anonymous> (/usr/local/lib/node_modules/npm/node_modules/request/request.js:1036:10)
22 silly fetchPackageMetaData     at emitOne (events.js:95:20)
22 silly fetchPackageMetaData     at Request.emit (events.js:182:7)
22 silly fetchPackageMetaData     at IncomingMessage.<anonymous> (/usr/local/lib/node_modules/npm/node_modules/request/request.js:963:12)
22 silly fetchPackageMetaData  error for perfect-scrollbar { [Error: no such package available : npm] pkgid: 'npm', statusCode: 404, code: 'E404' }
23 silly rollbackFailedOptional Starting
24 silly rollbackFailedOptional Finishing
25 silly runTopLevelLifecycles Starting
26 silly runTopLevelLifecycles Finishing
27 silly install printInstalled
28 verbose stack Error: no such package available : npm
28 verbose stack     at makeError (/usr/local/lib/node_modules/npm/node_modules/npm-registry-client/lib/request.js:264:12)
28 verbose stack     at CachingRegistryClient.<anonymous> (/usr/local/lib/node_modules/npm/node_modules/npm-registry-client/lib/request.js:252:14)
28 verbose stack     at Request._callback (/usr/local/lib/node_modules/npm/node_modules/npm-registry-client/lib/request.js:172:14)
28 verbose stack     at Request.self.callback (/usr/local/lib/node_modules/npm/node_modules/request/request.js:199:22)
28 verbose stack     at emitTwo (events.js:100:13)
28 verbose stack     at Request.emit (events.js:185:7)
28 verbose stack     at Request.<anonymous> (/usr/local/lib/node_modules/npm/node_modules/request/request.js:1036:10)
28 verbose stack     at emitOne (events.js:95:20)
28 verbose stack     at Request.emit (events.js:182:7)
28 verbose stack     at IncomingMessage.<anonymous> (/usr/local/lib/node_modules/npm/node_modules/request/request.js:963:12)
29 verbose statusCode 404
30 verbose pkgid npm
31 verbose cwd /Users/Lincoln/Desktop/my-achievements
32 error Darwin 14.5.0
33 error argv "/usr/local/bin/node" "/usr/local/bin/npm" "install" "--save-dev" "perfect-scrollbar"
34 error node v5.9.0
35 error npm  v3.8.2
36 error code E404
37 error 404 no such package available : npm
38 error 404
39 error 404 'npm' is not in the npm registry.
40 error 404 You should bug the author to publish it (or use the name yourself!)
41 error 404 Note that you can also install from a
42 error 404 tarball, folder, http url, or git url.
43 verbose exit [ 1, true ]
